<?xml version="1.0" encoding="UTF-8"?>
<testng-results ignored="0" total="1" passed="1" failed="0" skipped="0">
  <reporter-output>
  </reporter-output>
  <suite started-at="2023-05-05T01:26:38 SGT" name="Default suite" finished-at="2023-05-05T01:26:48 SGT" duration-ms="10009">
    <groups>
    </groups>
    <test started-at="2023-05-05T01:26:38 SGT" name="Default test" finished-at="2023-05-05T01:26:48 SGT" duration-ms="10009">
      <class name="testCases.runTask">
        <test-method signature="test_runTask()[pri:0, instance:testCases.runTask@3febb011]" started-at="2023-05-05T01:26:38 SGT" name="test_runTask" finished-at="2023-05-05T01:26:48 SGT" duration-ms="9983" status="PASS">
          <reporter-output>
          </reporter-output>
        </test-method> <!-- test_runTask -->
      </class> <!-- testCases.runTask -->
    </test> <!-- Default test -->
  </suite> <!-- Default suite -->
</testng-results>
